<?xml version="1.0" encoding="UTF-8"?>
<testsuite name="org.example.validation.FXDealValidatorTest" tests="5" skipped="0" failures="0" errors="0" timestamp="2024-08-15T23:51:03" hostname="MACs-MacBook-Pro.local" time="0.027">
  <properties/>
  <testcase name="testNegativeDealAmount()" classname="org.example.validation.FXDealValidatorTest" time="0.018"/>
  <testcase name="testMissingDealId()" classname="org.example.validation.FXDealValidatorTest" time="0.001"/>
  <testcase name="testInvalidCurrencyCode()" classname="org.example.validation.FXDealValidatorTest" time="0.001"/>
  <testcase name="testMissingTimestamp()" classname="org.example.validation.FXDealValidatorTest" time="0.001"/>
  <testcase name="testValidFXDeal()" classname="org.example.validation.FXDealValidatorTest" time="0.001"/>
  <system-out><![CDATA[]]></system-out>
  <system-err><![CDATA[]]></system-err>
</testsuite>
